1594141657998:help
1594141663279:clear
1594195728177:help
1594195733499:hello-to
1594195741649:hello-to Illia
1594195932993:help
1594195945637:hello-to illia
1594195950765:stacktrace
1594196673307:help
1594196678525:hello-to ilko
1594196683092:stacktrace
1594197643897:help
1594197646897:hello-to
1594197653819:hello-to name
1594197664979:stacktrace
1594198067237:exit
1594198112011:help
1594198118630:hello-to ilko
1594198125862:stacktrace
1594198213781:hello-to ilko
1594198229289:stacktrace
1594198416967:exit
1594204026463:help
1594204032242:hello-to Illia
1594204042343:stacktrace
1594204060298:quit
1594204089312:help
1594204093371:helllo-to
1594204100123:hello-to Illia
1594204128886:stacktrace
1594204280466:hello-to Illia
1594204357488:exit
1594204730981:hello-to Ilko
1594205067727:hello-yo i
1594205071544:hello-to i
1594205712942:hello-on Illia
1594205719082:help
1594205725848:hello-to Illia
1594206723057:help
1594206728905:hello-to Illia
1594206747208:exit
